Watching for file changes with StatReloader
[28/Dec/2025 04:09:38] "HEAD / HTTP/1.1" 200 0
[28/Dec/2025 04:09:38] "HEAD /api/properties/ HTTP/1.1" 200 0
[28/Dec/2025 04:09:55] "HEAD / HTTP/1.1" 200 0
[28/Dec/2025 04:09:55] "HEAD /api/properties/ HTTP/1.1" 200 0
[28/Dec/2025 04:10:16] "GET /api/properties/ HTTP/1.1" 200 27
[28/Dec/2025 04:10:16] "GET /api/properties/ HTTP/1.1" 200 27
Not Found: /favicon.ico
[28/Dec/2025 04:10:16] "GET /favicon.ico HTTP/1.1" 404 3299
[28/Dec/2025 04:10:30] "GET / HTTP/1.1" 200 1957
/home/st4rk_18/st4rk_18-Projects/Ilot_foncier/backend/land_registry/views.py changed, reloading.
Performing system checks...

System check identified no issues (0 silenced).
December 28, 2025 - 04:09:31
Django version 5.2.5, using settings 'config.settings'
Starting development server at http://0.0.0.0:8000/
Quit the server with CONTROL-C.

WARNING: This is a development server. Do not use it in a production setting. Use a production WSGI or ASGI server instead.
For more information on production servers see: https://docs.djangoproject.com/en/5.2/howto/deployment/
Watching for file changes with StatReloader
/home/st4rk_18/st4rk_18-Projects/Ilot_foncier/backend/consensus/views.py changed, reloading.
Performing system checks...

System check identified no issues (0 silenced).
December 28, 2025 - 04:13:44
Django version 5.2.5, using settings 'config.settings'
Starting development server at http://0.0.0.0:8000/
Quit the server with CONTROL-C.

WARNING: This is a development server. Do not use it in a production setting. Use a production WSGI or ASGI server instead.
For more information on production servers see: https://docs.djangoproject.com/en/5.2/howto/deployment/
Watching for file changes with StatReloader
/home/st4rk_18/st4rk_18-Projects/Ilot_foncier/backend/identity/ussd_views.py changed, reloading.
Performing system checks...

System check identified no issues (0 silenced).
December 28, 2025 - 04:13:52
Django version 5.2.5, using settings 'config.settings'
Starting development server at http://0.0.0.0:8000/
Quit the server with CONTROL-C.

WARNING: This is a development server. Do not use it in a production setting. Use a production WSGI or ASGI server instead.
For more information on production servers see: https://docs.djangoproject.com/en/5.2/howto/deployment/
Watching for file changes with StatReloader
/home/st4rk_18/st4rk_18-Projects/Ilot_foncier/backend/config/urls.py changed, reloading.
Performing system checks...

System check identified no issues (0 silenced).
December 28, 2025 - 04:14:01
Django version 5.2.5, using settings 'config.settings'
Starting development server at http://0.0.0.0:8000/
Quit the server with CONTROL-C.

WARNING: This is a development server. Do not use it in a production setting. Use a production WSGI or ASGI server instead.
For more information on production servers see: https://docs.djangoproject.com/en/5.2/howto/deployment/
Watching for file changes with StatReloader
[28/Dec/2025 04:17:11] "GET / HTTP/1.1" 200 2657
[28/Dec/2025 04:17:16] "GET / HTTP/1.1" 200 2657
[28/Dec/2025 04:17:16] "GET / HTTP/1.1" 200 2657
[28/Dec/2025 04:17:17] "GET / HTTP/1.1" 200 2657
[28/Dec/2025 04:17:19] "GET /web/properties/ HTTP/1.1" 200 4468
[28/Dec/2025 04:17:19] "GET /api/properties/ HTTP/1.1" 200 27
[28/Dec/2025 04:17:24] "GET /web/validation/ HTTP/1.1" 200 4975
[28/Dec/2025 04:17:24] "GET /web/validation/ HTTP/1.1" 200 4975
[28/Dec/2025 04:17:28] "GET /web/ussd/ HTTP/1.1" 200 3530
[28/Dec/2025 04:17:28] "GET /web/ussd/ HTTP/1.1" 200 3530
[28/Dec/2025 04:17:47] "POST /ussd/ HTTP/1.1" 200 20
[28/Dec/2025 04:17:47] "POST /ussd/ HTTP/1.1" 200 20
[28/Dec/2025 04:17:52] "POST /ussd/ HTTP/1.1" 200 101
[28/Dec/2025 04:17:52] "POST /ussd/ HTTP/1.1" 200 101
[28/Dec/2025 04:17:58] "POST /ussd/ HTTP/1.1" 200 84
[28/Dec/2025 04:17:58] "POST /ussd/ HTTP/1.1" 200 84
[28/Dec/2025 04:18:08] "POST /ussd/ HTTP/1.1" 200 20
[28/Dec/2025 04:18:13] "GET /swagger/ HTTP/1.1" 200 1468
[28/Dec/2025 04:18:14] "GET /static/swagger.json HTTP/1.1" 404 1850
/home/st4rk_18/st4rk_18-Projects/Ilot_foncier/backend/config/settings.py changed, reloading.
Performing system checks...

System check identified no issues (0 silenced).
December 28, 2025 - 04:14:15
Django version 5.2.5, using settings 'config.settings'
Starting development server at http://0.0.0.0:8000/
Quit the server with CONTROL-C.

WARNING: This is a development server. Do not use it in a production setting. Use a production WSGI or ASGI server instead.
For more information on production servers see: https://docs.djangoproject.com/en/5.2/howto/deployment/
Watching for file changes with StatReloader
[28/Dec/2025 04:19:27] "HEAD /static/swagger.json HTTP/1.1" 200 0
[28/Dec/2025 04:25:28] "GET /swagger/ HTTP/1.1" 200 1468
[28/Dec/2025 04:25:28] "GET /static/swagger.json HTTP/1.1" 200 5484
